2025-12-22 10:53:34,241 - src.main - INFO - Starting ML Engine...
2025-12-22 10:53:36,178 - src.main - INFO - Database connected
2025-12-22 10:53:36,903 - src.main - INFO - Redis cache connected
2025-12-22 10:53:36,904 - src.main - INFO - ML Engine ready to serve requests
2025-12-22 11:19:41,964 - src.main - INFO - Starting ML Engine...
2025-12-22 11:19:42,364 - src.main - INFO - Database connected
2025-12-22 11:19:43,331 - src.main - INFO - Redis cache connected
2025-12-22 11:19:43,331 - src.main - INFO - ML Engine ready to serve requests
2025-12-22 11:22:08,192 - src.main - INFO - GET /health - Status: 200 - Time: 0.091s
2025-12-22 11:58:25,410 - src.main - INFO - Shutting down ML Engine...
2025-12-22 11:58:25,574 - src.main - INFO - Cleanup completed
2025-12-22 11:58:31,808 - src.main - INFO - Starting ML Engine...
2025-12-22 11:58:31,983 - src.main - INFO - Database connected
2025-12-22 11:58:32,995 - src.main - INFO - Redis cache connected
2025-12-22 11:58:32,995 - src.main - INFO - ML Engine ready to serve requests
2025-12-22 13:03:57,475 - src.main - INFO - Starting ML Engine...
2025-12-22 13:03:57,848 - src.main - INFO - Database connected
2025-12-22 13:03:58,776 - src.main - INFO - Redis cache connected
2025-12-22 13:03:58,789 - src.main - INFO - ML Engine ready to serve requests
2025-12-22 13:04:55,726 - src.main - INFO - GET /health - Status: 200 - Time: 0.053s
2025-12-22 13:34:12,215 - src.main - INFO - Shutting down ML Engine...
2025-12-22 13:34:12,721 - src.main - INFO - Cleanup completed
2025-12-22 14:36:13,435 - src.main - INFO - Starting ML Engine...
2025-12-22 14:36:15,222 - src.main - INFO - GET / - Status: 404 - Time: 0.181s
2025-12-22 14:36:15,843 - src.main - INFO - Database connected
2025-12-22 14:36:16,213 - src.main - INFO - GET /favicon.ico - Status: 404 - Time: 0.001s
2025-12-22 14:36:16,836 - src.main - INFO - Redis cache connected
2025-12-22 14:36:16,874 - src.main - INFO - ML Engine ready to serve requests
2025-12-22 14:37:08,215 - src.main - INFO - GET /health - Status: 200 - Time: 0.093s
2025-12-22 14:37:08,936 - src.main - INFO - GET /favicon.ico - Status: 404 - Time: 0.001s
2025-12-22 14:37:41,006 - src.main - INFO - GET /health - Status: 200 - Time: 0.040s
2025-12-22 14:38:34,524 - src.main - INFO - Shutting down ML Engine...
2025-12-22 14:38:34,530 - src.main - INFO - Cleanup completed
2025-12-22 14:38:46,327 - src.main - INFO - Starting ML Engine...
2025-12-22 14:38:46,576 - src.main - INFO - Database connected
2025-12-22 14:38:47,146 - src.main - INFO - Redis cache connected
2025-12-22 14:38:47,153 - src.main - INFO - ML Engine ready to serve requests
2025-12-22 14:39:17,226 - src.main - INFO - Starting ML Engine...
2025-12-22 14:39:21,437 - src.main - INFO - Database connected
2025-12-22 14:39:22,227 - src.main - INFO - Redis cache connected
2025-12-22 14:39:23,311 - src.main - INFO - ML Engine ready to serve requests
2025-12-22 14:40:59,546 - src.main - INFO - GET / - Status: 404 - Time: 0.001s
2025-12-22 14:41:02,528 - src.main - INFO - GET /health - Status: 200 - Time: 0.234s
2025-12-22 14:42:35,477 - src.main - INFO - Shutting down ML Engine...
2025-12-22 14:42:35,484 - src.main - INFO - Cleanup completed
2025-12-22 14:42:43,209 - src.main - INFO - Starting ML Engine...
2025-12-22 14:42:46,688 - src.main - INFO - Database connected
2025-12-22 14:42:47,596 - src.main - INFO - Redis cache connected
2025-12-22 14:42:48,230 - src.main - INFO - Model Registry initialized
2025-12-22 14:42:48,231 - src.main - INFO - ML Engine ready to serve requests
2025-12-22 14:43:27,931 - src.main - INFO - Starting ML Engine...
2025-12-22 14:43:28,095 - src.main - INFO - Database connected
2025-12-22 14:43:28,845 - src.main - INFO - Redis cache connected
2025-12-22 14:43:28,856 - src.main - INFO - Model Registry initialized
2025-12-22 14:43:28,856 - src.main - INFO - ML Engine ready to serve requests
2025-12-22 14:44:00,636 - src.main - INFO - GET /health - Status: 200 - Time: 0.019s
2025-12-22 14:44:04,343 - src.main - INFO - GET / - Status: 404 - Time: 0.002s
2025-12-22 14:44:24,368 - src.main - INFO - Shutting down ML Engine...
2025-12-22 14:44:24,533 - src.main - INFO - Cleanup completed
2025-12-22 14:44:34,971 - src.main - INFO - Starting ML Engine...
2025-12-22 14:44:35,217 - src.main - INFO - Database connected
2025-12-22 14:44:36,077 - src.main - INFO - Redis cache connected
2025-12-22 14:44:36,113 - src.main - INFO - Model Registry initialized
2025-12-22 14:44:36,115 - src.main - INFO - ML Engine ready to serve requests
2025-12-22 14:44:41,063 - src.main - INFO - GET / - Status: 404 - Time: 0.001s
2025-12-22 14:44:45,248 - src.main - INFO - GET / - Status: 404 - Time: 0.002s
2025-12-22 15:29:08,797 - src.main - INFO - Starting ML Engine...
2025-12-22 15:29:09,597 - src.main - INFO - Database connected
2025-12-22 15:29:10,529 - src.main - INFO - Redis cache connected
2025-12-22 15:29:10,682 - src.main - INFO - Model Registry initialized
2025-12-22 15:29:10,764 - src.main - INFO - ML Engine ready to serve requests
2025-12-23 09:25:14,389 - src.main - INFO - Shutting down ML Engine...
2025-12-23 09:25:14,705 - src.main - INFO - Cleanup completed
2025-12-23 09:26:25,809 - src.main - INFO - Starting ML Engine...
2025-12-23 09:26:26,875 - src.main - INFO - Database connected
2025-12-23 09:26:27,495 - src.main - INFO - Redis cache connected
2025-12-23 09:26:27,580 - src.main - INFO - Model Registry initialized
2025-12-23 09:26:27,660 - src.main - INFO - ML Engine ready to serve requests
2025-12-23 14:20:54,560 - src.main - INFO - Starting ML Engine...
2025-12-23 14:20:54,978 - src.main - INFO - Database connected
2025-12-23 14:20:56,022 - src.main - INFO - Redis cache connected
2025-12-23 14:20:56,029 - src.main - INFO - Model Registry initialized
2025-12-23 14:20:56,029 - src.main - INFO - ML Engine ready to serve requests
2025-12-23 14:23:36,036 - src.main - INFO - Shutting down ML Engine...
2025-12-23 14:23:36,037 - src.main - INFO - Cleanup completed
2025-12-29 09:42:35,519 - src.main - INFO - Starting ML Engine...
2025-12-29 09:42:35,879 - src.main - INFO - Database connected
2025-12-29 09:42:37,218 - src.main - INFO - Redis cache connected
2025-12-29 09:42:37,224 - src.main - INFO - Model Registry initialized
2025-12-29 09:42:37,224 - src.main - INFO - ML Engine ready to serve requests
2025-12-29 14:24:07,117 - src.main - INFO - Shutting down ML Engine...
2025-12-29 14:24:07,223 - src.main - INFO - Cleanup completed
2025-12-29 14:24:31,469 - src.main - INFO - Starting ML Engine...
2025-12-29 14:24:31,923 - src.main - INFO - Database connected
2025-12-29 14:24:32,707 - src.main - INFO - Redis cache connected
2025-12-29 14:24:32,717 - src.main - INFO - Model Registry initialized
2025-12-29 14:24:32,717 - src.main - INFO - ML Engine ready to serve requests
2025-12-29 14:25:27,438 - src.main - INFO - GET / - Status: 200 - Time: 0.040s
2025-12-29 14:25:28,170 - src.main - INFO - GET /favicon.ico - Status: 404 - Time: 0.001s
